<?xml version="1.0" encoding="UTF-8"?>
<testsuite xmlns:xsi="http://www.w3.org/2001/XMLSchema-instance" xsi:noNamespaceSchemaLocation="https://maven.apache.org/surefire/maven-surefire-plugin/xsd/surefire-test-report.xsd" name="com.carlosjr.sfgbeerservice.web.controller.BeerControllerTest" time="2.136" tests="3" errors="1" skipped="0" failures="1">
  <properties>
    <property name="sun.desktop" value="windows"/>
    <property name="awt.toolkit" value="sun.awt.windows.WToolkit"/>
    <property name="java.specification.version" value="11"/>
    <property name="sun.cpu.isalist" value="amd64"/>
    <property name="sun.jnu.encoding" value="Cp1252"/>
    <property name="java.class.path" value="C:\Users\leonardo.LOCAL\Desktop\workspace\micro course\sfg-beer-service\target\test-classes;C:\Users\leonardo.LOCAL\Desktop\workspace\micro course\sfg-beer-service\target\classes;C:\Users\leonardo.LOCAL\.m2\repository\org\springframework\boot\spring-boot-starter-data-jpa\2.7.12\spring-boot-starter-data-jpa-2.7.12.jar;C:\Users\leonardo.LOCAL\.m2\repository\org\springframework\boot\spring-boot-starter-aop\2.7.12\spring-boot-starter-aop-2.7.12.jar;C:\Users\leonardo.LOCAL\.m2\repository\org\springframework\spring-aop\5.3.27\spring-aop-5.3.27.jar;C:\Users\leonardo.LOCAL\.m2\repository\org\aspectj\aspectjweaver\1.9.7\aspectjweaver-1.9.7.jar;C:\Users\leonardo.LOCAL\.m2\repository\org\springframework\boot\spring-boot-starter-jdbc\2.7.12\spring-boot-starter-jdbc-2.7.12.jar;C:\Users\leonardo.LOCAL\.m2\repository\com\zaxxer\HikariCP\4.0.3\HikariCP-4.0.3.jar;C:\Users\leonardo.LOCAL\.m2\repository\org\springframework\spring-jdbc\5.3.27\spring-jdbc-5.3.27.jar;C:\Users\leonardo.LOCAL\.m2\repository\jakarta\transaction\jakarta.transaction-api\1.3.3\jakarta.transaction-api-1.3.3.jar;C:\Users\leonardo.LOCAL\.m2\repository\jakarta\persistence\jakarta.persistence-api\2.2.3\jakarta.persistence-api-2.2.3.jar;C:\Users\leonardo.LOCAL\.m2\repository\org\hibernate\hibernate-core\5.6.15.Final\hibernate-core-5.6.15.Final.jar;C:\Users\leonardo.LOCAL\.m2\repository\org\jboss\logging\jboss-logging\3.4.3.Final\jboss-logging-3.4.3.Final.jar;C:\Users\leonardo.LOCAL\.m2\repository\net\bytebuddy\byte-buddy\1.12.23\byte-buddy-1.12.23.jar;C:\Users\leonardo.LOCAL\.m2\repository\antlr\antlr\2.7.7\antlr-2.7.7.jar;C:\Users\leonardo.LOCAL\.m2\repository\org\jboss\jandex\2.4.2.Final\jandex-2.4.2.Final.jar;C:\Users\leonardo.LOCAL\.m2\repository\com\fasterxml\classmate\1.5.1\classmate-1.5.1.jar;C:\Users\leonardo.LOCAL\.m2\repository\org\hibernate\common\hibernate-commons-annotations\5.1.2.Final\hibernate-commons-annotations-5.1.2.Final.jar;C:\Users\leonardo.LOCAL\.m2\repository\org\glassfish\jaxb\jaxb-runtime\2.3.8\jaxb-runtime-2.3.8.jar;C:\Users\leonardo.LOCAL\.m2\repository\org\glassfish\jaxb\txw2\2.3.8\txw2-2.3.8.jar;C:\Users\leonardo.LOCAL\.m2\repository\com\sun\istack\istack-commons-runtime\3.0.12\istack-commons-runtime-3.0.12.jar;C:\Users\leonardo.LOCAL\.m2\repository\com\sun\activation\jakarta.activation\1.2.2\jakarta.activation-1.2.2.jar;C:\Users\leonardo.LOCAL\.m2\repository\org\springframework\data\spring-data-jpa\2.7.12\spring-data-jpa-2.7.12.jar;C:\Users\leonardo.LOCAL\.m2\repository\org\springframework\data\spring-data-commons\2.7.12\spring-data-commons-2.7.12.jar;C:\Users\leonardo.LOCAL\.m2\repository\org\springframework\spring-orm\5.3.27\spring-orm-5.3.27.jar;C:\Users\leonardo.LOCAL\.m2\repository\org\springframework\spring-context\5.3.27\spring-context-5.3.27.jar;C:\Users\leonardo.LOCAL\.m2\repository\org\springframework\spring-tx\5.3.27\spring-tx-5.3.27.jar;C:\Users\leonardo.LOCAL\.m2\repository\org\springframework\spring-beans\5.3.27\spring-beans-5.3.27.jar;C:\Users\leonardo.LOCAL\.m2\repository\org\slf4j\slf4j-api\1.7.36\slf4j-api-1.7.36.jar;C:\Users\leonardo.LOCAL\.m2\repository\org\springframework\spring-aspects\5.3.27\spring-aspects-5.3.27.jar;C:\Users\leonardo.LOCAL\.m2\repository\org\springframework\boot\spring-boot-starter-web\2.7.12\spring-boot-starter-web-2.7.12.jar;C:\Users\leonardo.LOCAL\.m2\repository\org\springframework\boot\spring-boot-starter\2.7.12\spring-boot-starter-2.7.12.jar;C:\Users\leonardo.LOCAL\.m2\repository\org\springframework\boot\spring-boot-starter-logging\2.7.12\spring-boot-starter-logging-2.7.12.jar;C:\Users\leonardo.LOCAL\.m2\repository\ch\qos\logback\logback-classic\1.2.12\logback-classic-1.2.12.jar;C:\Users\leonardo.LOCAL\.m2\repository\ch\qos\logback\logback-core\1.2.12\logback-core-1.2.12.jar;C:\Users\leonardo.LOCAL\.m2\repository\org\apache\logging\log4j\log4j-to-slf4j\2.17.2\log4j-to-slf4j-2.17.2.jar;C:\Users\leonardo.LOCAL\.m2\repository\org\apache\logging\log4j\log4j-api\2.17.2\log4j-api-2.17.2.jar;C:\Users\leonardo.LOCAL\.m2\repository\org\slf4j\jul-to-slf4j\1.7.36\jul-to-slf4j-1.7.36.jar;C:\Users\leonardo.LOCAL\.m2\repository\jakarta\annotation\jakarta.annotation-api\1.3.5\jakarta.annotation-api-1.3.5.jar;C:\Users\leonardo.LOCAL\.m2\repository\org\yaml\snakeyaml\1.30\snakeyaml-1.30.jar;C:\Users\leonardo.LOCAL\.m2\repository\org\springframework\boot\spring-boot-starter-json\2.7.12\spring-boot-starter-json-2.7.12.jar;C:\Users\leonardo.LOCAL\.m2\repository\com\fasterxml\jackson\core\jackson-databind\2.13.5\jackson-databind-2.13.5.jar;C:\Users\leonardo.LOCAL\.m2\repository\com\fasterxml\jackson\core\jackson-annotations\2.13.5\jackson-annotations-2.13.5.jar;C:\Users\leonardo.LOCAL\.m2\repository\com\fasterxml\jackson\core\jackson-core\2.13.5\jackson-core-2.13.5.jar;C:\Users\leonardo.LOCAL\.m2\repository\com\fasterxml\jackson\datatype\jackson-datatype-jdk8\2.13.5\jackson-datatype-jdk8-2.13.5.jar;C:\Users\leonardo.LOCAL\.m2\repository\com\fasterxml\jackson\datatype\jackson-datatype-jsr310\2.13.5\jackson-datatype-jsr310-2.13.5.jar;C:\Users\leonardo.LOCAL\.m2\repository\com\fasterxml\jackson\module\jackson-module-parameter-names\2.13.5\jackson-module-parameter-names-2.13.5.jar;C:\Users\leonardo.LOCAL\.m2\repository\org\springframework\boot\spring-boot-starter-tomcat\2.7.12\spring-boot-starter-tomcat-2.7.12.jar;C:\Users\leonardo.LOCAL\.m2\repository\org\apache\tomcat\embed\tomcat-embed-core\9.0.75\tomcat-embed-core-9.0.75.jar;C:\Users\leonardo.LOCAL\.m2\repository\org\apache\tomcat\embed\tomcat-embed-websocket\9.0.75\tomcat-embed-websocket-9.0.75.jar;C:\Users\leonardo.LOCAL\.m2\repository\org\springframework\spring-web\5.3.27\spring-web-5.3.27.jar;C:\Users\leonardo.LOCAL\.m2\repository\org\springframework\spring-webmvc\5.3.27\spring-webmvc-5.3.27.jar;C:\Users\leonardo.LOCAL\.m2\repository\org\springframework\spring-expression\5.3.27\spring-expression-5.3.27.jar;C:\Users\leonardo.LOCAL\.m2\repository\org\springframework\boot\spring-boot-starter-validation\2.7.12\spring-boot-starter-validation-2.7.12.jar;C:\Users\leonardo.LOCAL\.m2\repository\org\apache\tomcat\embed\tomcat-embed-el\9.0.75\tomcat-embed-el-9.0.75.jar;C:\Users\leonardo.LOCAL\.m2\repository\org\hibernate\validator\hibernate-validator\6.2.5.Final\hibernate-validator-6.2.5.Final.jar;C:\Users\leonardo.LOCAL\.m2\repository\jakarta\validation\jakarta.validation-api\2.0.2\jakarta.validation-api-2.0.2.jar;C:\Users\leonardo.LOCAL\.m2\repository\org\springframework\boot\spring-boot-devtools\2.7.12\spring-boot-devtools-2.7.12.jar;C:\Users\leonardo.LOCAL\.m2\repository\org\springframework\boot\spring-boot\2.7.12\spring-boot-2.7.12.jar;C:\Users\leonardo.LOCAL\.m2\repository\org\springframework\boot\spring-boot-autoconfigure\2.7.12\spring-boot-autoconfigure-2.7.12.jar;C:\Users\leonardo.LOCAL\.m2\repository\com\mysql\mysql-connector-j\8.0.33\mysql-connector-j-8.0.33.jar;C:\Users\leonardo.LOCAL\.m2\repository\org\projectlombok\lombok\1.18.26\lombok-1.18.26.jar;C:\Users\leonardo.LOCAL\.m2\repository\org\springframework\boot\spring-boot-starter-test\2.7.12\spring-boot-starter-test-2.7.12.jar;C:\Users\leonardo.LOCAL\.m2\repository\org\springframework\boot\spring-boot-test\2.7.12\spring-boot-test-2.7.12.jar;C:\Users\leonardo.LOCAL\.m2\repository\org\springframework\boot\spring-boot-test-autoconfigure\2.7.12\spring-boot-test-autoconfigure-2.7.12.jar;C:\Users\leonardo.LOCAL\.m2\repository\com\jayway\jsonpath\json-path\2.7.0\json-path-2.7.0.jar;C:\Users\leonardo.LOCAL\.m2\repository\net\minidev\json-smart\2.4.11\json-smart-2.4.11.jar;C:\Users\leonardo.LOCAL\.m2\repository\net\minidev\accessors-smart\2.4.11\accessors-smart-2.4.11.jar;C:\Users\leonardo.LOCAL\.m2\repository\org\ow2\asm\asm\9.3\asm-9.3.jar;C:\Users\leonardo.LOCAL\.m2\repository\jakarta\xml\bind\jakarta.xml.bind-api\2.3.3\jakarta.xml.bind-api-2.3.3.jar;C:\Users\leonardo.LOCAL\.m2\repository\jakarta\activation\jakarta.activation-api\1.2.2\jakarta.activation-api-1.2.2.jar;C:\Users\leonardo.LOCAL\.m2\repository\org\assertj\assertj-core\3.22.0\assertj-core-3.22.0.jar;C:\Users\leonardo.LOCAL\.m2\repository\org\hamcrest\hamcrest\2.2\hamcrest-2.2.jar;C:\Users\leonardo.LOCAL\.m2\repository\org\junit\jupiter\junit-jupiter\5.8.2\junit-jupiter-5.8.2.jar;C:\Users\leonardo.LOCAL\.m2\repository\org\junit\jupiter\junit-jupiter-api\5.8.2\junit-jupiter-api-5.8.2.jar;C:\Users\leonardo.LOCAL\.m2\repository\org\opentest4j\opentest4j\1.2.0\opentest4j-1.2.0.jar;C:\Users\leonardo.LOCAL\.m2\repository\org\junit\platform\junit-platform-commons\1.8.2\junit-platform-commons-1.8.2.jar;C:\Users\leonardo.LOCAL\.m2\repository\org\apiguardian\apiguardian-api\1.1.2\apiguardian-api-1.1.2.jar;C:\Users\leonardo.LOCAL\.m2\repository\org\junit\jupiter\junit-jupiter-params\5.8.2\junit-jupiter-params-5.8.2.jar;C:\Users\leonardo.LOCAL\.m2\repository\org\junit\jupiter\junit-jupiter-engine\5.8.2\junit-jupiter-engine-5.8.2.jar;C:\Users\leonardo.LOCAL\.m2\repository\org\junit\platform\junit-platform-engine\1.8.2\junit-platform-engine-1.8.2.jar;C:\Users\leonardo.LOCAL\.m2\repository\org\mockito\mockito-core\4.5.1\mockito-core-4.5.1.jar;C:\Users\leonardo.LOCAL\.m2\repository\net\bytebuddy\byte-buddy-agent\1.12.23\byte-buddy-agent-1.12.23.jar;C:\Users\leonardo.LOCAL\.m2\repository\org\objenesis\objenesis\3.2\objenesis-3.2.jar;C:\Users\leonardo.LOCAL\.m2\repository\org\mockito\mockito-junit-jupiter\4.5.1\mockito-junit-jupiter-4.5.1.jar;C:\Users\leonardo.LOCAL\.m2\repository\org\skyscreamer\jsonassert\1.5.1\jsonassert-1.5.1.jar;C:\Users\leonardo.LOCAL\.m2\repository\com\vaadin\external\google\android-json\0.0.20131108.vaadin1\android-json-0.0.20131108.vaadin1.jar;C:\Users\leonardo.LOCAL\.m2\repository\org\springframework\spring-core\5.3.27\spring-core-5.3.27.jar;C:\Users\leonardo.LOCAL\.m2\repository\org\springframework\spring-jcl\5.3.27\spring-jcl-5.3.27.jar;C:\Users\leonardo.LOCAL\.m2\repository\org\springframework\spring-test\5.3.27\spring-test-5.3.27.jar;C:\Users\leonardo.LOCAL\.m2\repository\org\xmlunit\xmlunit-core\2.9.1\xmlunit-core-2.9.1.jar;C:\Users\leonardo.LOCAL\.m2\repository\org\springframework\restdocs\spring-restdocs-mockmvc\2.0.7.RELEASE\spring-restdocs-mockmvc-2.0.7.RELEASE.jar;C:\Users\leonardo.LOCAL\.m2\repository\org\springframework\restdocs\spring-restdocs-core\2.0.7.RELEASE\spring-restdocs-core-2.0.7.RELEASE.jar;C:\Users\leonardo.LOCAL\.m2\repository\javax\servlet\javax.servlet-api\4.0.1\javax.servlet-api-4.0.1.jar;"/>
    <property name="java.vm.vendor" value="AdoptOpenJDK"/>
    <property name="sun.arch.data.model" value="64"/>
    <property name="user.variant" value=""/>
    <property name="java.vendor.url" value="https://adoptopenjdk.net/"/>
    <property name="user.timezone" value="America/Sao_Paulo"/>
    <property name="user.country.format" value="GB"/>
    <property name="java.vm.specification.version" value="11"/>
    <property name="os.name" value="Windows 7"/>
    <property name="sun.java.launcher" value="SUN_STANDARD"/>
    <property name="user.country" value="BR"/>
    <property name="sun.boot.library.path" value="C:\Program Files\AdoptOpenJDK\jdk-11.0.9.101-hotspot\bin"/>
    <property name="sun.java.command" value="C:\Users\LEONAR~1.LOC\AppData\Local\Temp\surefire9698181034898682292\surefirebooter5701602625074329899.jar C:\Users\leonardo.LOCAL\AppData\Local\Temp\surefire9698181034898682292 2023-06-22T11-12-45_275-jvmRun1 surefire332370892494087384tmp surefire_02938381494374224505tmp"/>
    <property name="jdk.debug" value="release"/>
    <property name="surefire.test.class.path" value="C:\Users\leonardo.LOCAL\Desktop\workspace\micro course\sfg-beer-service\target\test-classes;C:\Users\leonardo.LOCAL\Desktop\workspace\micro course\sfg-beer-service\target\classes;C:\Users\leonardo.LOCAL\.m2\repository\org\springframework\boot\spring-boot-starter-data-jpa\2.7.12\spring-boot-starter-data-jpa-2.7.12.jar;C:\Users\leonardo.LOCAL\.m2\repository\org\springframework\boot\spring-boot-starter-aop\2.7.12\spring-boot-starter-aop-2.7.12.jar;C:\Users\leonardo.LOCAL\.m2\repository\org\springframework\spring-aop\5.3.27\spring-aop-5.3.27.jar;C:\Users\leonardo.LOCAL\.m2\repository\org\aspectj\aspectjweaver\1.9.7\aspectjweaver-1.9.7.jar;C:\Users\leonardo.LOCAL\.m2\repository\org\springframework\boot\spring-boot-starter-jdbc\2.7.12\spring-boot-starter-jdbc-2.7.12.jar;C:\Users\leonardo.LOCAL\.m2\repository\com\zaxxer\HikariCP\4.0.3\HikariCP-4.0.3.jar;C:\Users\leonardo.LOCAL\.m2\repository\org\springframework\spring-jdbc\5.3.27\spring-jdbc-5.3.27.jar;C:\Users\leonardo.LOCAL\.m2\repository\jakarta\transaction\jakarta.transaction-api\1.3.3\jakarta.transaction-api-1.3.3.jar;C:\Users\leonardo.LOCAL\.m2\repository\jakarta\persistence\jakarta.persistence-api\2.2.3\jakarta.persistence-api-2.2.3.jar;C:\Users\leonardo.LOCAL\.m2\repository\org\hibernate\hibernate-core\5.6.15.Final\hibernate-core-5.6.15.Final.jar;C:\Users\leonardo.LOCAL\.m2\repository\org\jboss\logging\jboss-logging\3.4.3.Final\jboss-logging-3.4.3.Final.jar;C:\Users\leonardo.LOCAL\.m2\repository\net\bytebuddy\byte-buddy\1.12.23\byte-buddy-1.12.23.jar;C:\Users\leonardo.LOCAL\.m2\repository\antlr\antlr\2.7.7\antlr-2.7.7.jar;C:\Users\leonardo.LOCAL\.m2\repository\org\jboss\jandex\2.4.2.Final\jandex-2.4.2.Final.jar;C:\Users\leonardo.LOCAL\.m2\repository\com\fasterxml\classmate\1.5.1\classmate-1.5.1.jar;C:\Users\leonardo.LOCAL\.m2\repository\org\hibernate\common\hibernate-commons-annotations\5.1.2.Final\hibernate-commons-annotations-5.1.2.Final.jar;C:\Users\leonardo.LOCAL\.m2\repository\org\glassfish\jaxb\jaxb-runtime\2.3.8\jaxb-runtime-2.3.8.jar;C:\Users\leonardo.LOCAL\.m2\repository\org\glassfish\jaxb\txw2\2.3.8\txw2-2.3.8.jar;C:\Users\leonardo.LOCAL\.m2\repository\com\sun\istack\istack-commons-runtime\3.0.12\istack-commons-runtime-3.0.12.jar;C:\Users\leonardo.LOCAL\.m2\repository\com\sun\activation\jakarta.activation\1.2.2\jakarta.activation-1.2.2.jar;C:\Users\leonardo.LOCAL\.m2\repository\org\springframework\data\spring-data-jpa\2.7.12\spring-data-jpa-2.7.12.jar;C:\Users\leonardo.LOCAL\.m2\repository\org\springframework\data\spring-data-commons\2.7.12\spring-data-commons-2.7.12.jar;C:\Users\leonardo.LOCAL\.m2\repository\org\springframework\spring-orm\5.3.27\spring-orm-5.3.27.jar;C:\Users\leonardo.LOCAL\.m2\repository\org\springframework\spring-context\5.3.27\spring-context-5.3.27.jar;C:\Users\leonardo.LOCAL\.m2\repository\org\springframework\spring-tx\5.3.27\spring-tx-5.3.27.jar;C:\Users\leonardo.LOCAL\.m2\repository\org\springframework\spring-beans\5.3.27\spring-beans-5.3.27.jar;C:\Users\leonardo.LOCAL\.m2\repository\org\slf4j\slf4j-api\1.7.36\slf4j-api-1.7.36.jar;C:\Users\leonardo.LOCAL\.m2\repository\org\springframework\spring-aspects\5.3.27\spring-aspects-5.3.27.jar;C:\Users\leonardo.LOCAL\.m2\repository\org\springframework\boot\spring-boot-starter-web\2.7.12\spring-boot-starter-web-2.7.12.jar;C:\Users\leonardo.LOCAL\.m2\repository\org\springframework\boot\spring-boot-starter\2.7.12\spring-boot-starter-2.7.12.jar;C:\Users\leonardo.LOCAL\.m2\repository\org\springframework\boot\spring-boot-starter-logging\2.7.12\spring-boot-starter-logging-2.7.12.jar;C:\Users\leonardo.LOCAL\.m2\repository\ch\qos\logback\logback-classic\1.2.12\logback-classic-1.2.12.jar;C:\Users\leonardo.LOCAL\.m2\repository\ch\qos\logback\logback-core\1.2.12\logback-core-1.2.12.jar;C:\Users\leonardo.LOCAL\.m2\repository\org\apache\logging\log4j\log4j-to-slf4j\2.17.2\log4j-to-slf4j-2.17.2.jar;C:\Users\leonardo.LOCAL\.m2\repository\org\apache\logging\log4j\log4j-api\2.17.2\log4j-api-2.17.2.jar;C:\Users\leonardo.LOCAL\.m2\repository\org\slf4j\jul-to-slf4j\1.7.36\jul-to-slf4j-1.7.36.jar;C:\Users\leonardo.LOCAL\.m2\repository\jakarta\annotation\jakarta.annotation-api\1.3.5\jakarta.annotation-api-1.3.5.jar;C:\Users\leonardo.LOCAL\.m2\repository\org\yaml\snakeyaml\1.30\snakeyaml-1.30.jar;C:\Users\leonardo.LOCAL\.m2\repository\org\springframework\boot\spring-boot-starter-json\2.7.12\spring-boot-starter-json-2.7.12.jar;C:\Users\leonardo.LOCAL\.m2\repository\com\fasterxml\jackson\core\jackson-databind\2.13.5\jackson-databind-2.13.5.jar;C:\Users\leonardo.LOCAL\.m2\repository\com\fasterxml\jackson\core\jackson-annotations\2.13.5\jackson-annotations-2.13.5.jar;C:\Users\leonardo.LOCAL\.m2\repository\com\fasterxml\jackson\core\jackson-core\2.13.5\jackson-core-2.13.5.jar;C:\Users\leonardo.LOCAL\.m2\repository\com\fasterxml\jackson\datatype\jackson-datatype-jdk8\2.13.5\jackson-datatype-jdk8-2.13.5.jar;C:\Users\leonardo.LOCAL\.m2\repository\com\fasterxml\jackson\datatype\jackson-datatype-jsr310\2.13.5\jackson-datatype-jsr310-2.13.5.jar;C:\Users\leonardo.LOCAL\.m2\repository\com\fasterxml\jackson\module\jackson-module-parameter-names\2.13.5\jackson-module-parameter-names-2.13.5.jar;C:\Users\leonardo.LOCAL\.m2\repository\org\springframework\boot\spring-boot-starter-tomcat\2.7.12\spring-boot-starter-tomcat-2.7.12.jar;C:\Users\leonardo.LOCAL\.m2\repository\org\apache\tomcat\embed\tomcat-embed-core\9.0.75\tomcat-embed-core-9.0.75.jar;C:\Users\leonardo.LOCAL\.m2\repository\org\apache\tomcat\embed\tomcat-embed-websocket\9.0.75\tomcat-embed-websocket-9.0.75.jar;C:\Users\leonardo.LOCAL\.m2\repository\org\springframework\spring-web\5.3.27\spring-web-5.3.27.jar;C:\Users\leonardo.LOCAL\.m2\repository\org\springframework\spring-webmvc\5.3.27\spring-webmvc-5.3.27.jar;C:\Users\leonardo.LOCAL\.m2\repository\org\springframework\spring-expression\5.3.27\spring-expression-5.3.27.jar;C:\Users\leonardo.LOCAL\.m2\repository\org\springframework\boot\spring-boot-starter-validation\2.7.12\spring-boot-starter-validation-2.7.12.jar;C:\Users\leonardo.LOCAL\.m2\repository\org\apache\tomcat\embed\tomcat-embed-el\9.0.75\tomcat-embed-el-9.0.75.jar;C:\Users\leonardo.LOCAL\.m2\repository\org\hibernate\validator\hibernate-validator\6.2.5.Final\hibernate-validator-6.2.5.Final.jar;C:\Users\leonardo.LOCAL\.m2\repository\jakarta\validation\jakarta.validation-api\2.0.2\jakarta.validation-api-2.0.2.jar;C:\Users\leonardo.LOCAL\.m2\repository\org\springframework\boot\spring-boot-devtools\2.7.12\spring-boot-devtools-2.7.12.jar;C:\Users\leonardo.LOCAL\.m2\repository\org\springframework\boot\spring-boot\2.7.12\spring-boot-2.7.12.jar;C:\Users\leonardo.LOCAL\.m2\repository\org\springframework\boot\spring-boot-autoconfigure\2.7.12\spring-boot-autoconfigure-2.7.12.jar;C:\Users\leonardo.LOCAL\.m2\repository\com\mysql\mysql-connector-j\8.0.33\mysql-connector-j-8.0.33.jar;C:\Users\leonardo.LOCAL\.m2\repository\org\projectlombok\lombok\1.18.26\lombok-1.18.26.jar;C:\Users\leonardo.LOCAL\.m2\repository\org\springframework\boot\spring-boot-starter-test\2.7.12\spring-boot-starter-test-2.7.12.jar;C:\Users\leonardo.LOCAL\.m2\repository\org\springframework\boot\spring-boot-test\2.7.12\spring-boot-test-2.7.12.jar;C:\Users\leonardo.LOCAL\.m2\repository\org\springframework\boot\spring-boot-test-autoconfigure\2.7.12\spring-boot-test-autoconfigure-2.7.12.jar;C:\Users\leonardo.LOCAL\.m2\repository\com\jayway\jsonpath\json-path\2.7.0\json-path-2.7.0.jar;C:\Users\leonardo.LOCAL\.m2\repository\net\minidev\json-smart\2.4.11\json-smart-2.4.11.jar;C:\Users\leonardo.LOCAL\.m2\repository\net\minidev\accessors-smart\2.4.11\accessors-smart-2.4.11.jar;C:\Users\leonardo.LOCAL\.m2\repository\org\ow2\asm\asm\9.3\asm-9.3.jar;C:\Users\leonardo.LOCAL\.m2\repository\jakarta\xml\bind\jakarta.xml.bind-api\2.3.3\jakarta.xml.bind-api-2.3.3.jar;C:\Users\leonardo.LOCAL\.m2\repository\jakarta\activation\jakarta.activation-api\1.2.2\jakarta.activation-api-1.2.2.jar;C:\Users\leonardo.LOCAL\.m2\repository\org\assertj\assertj-core\3.22.0\assertj-core-3.22.0.jar;C:\Users\leonardo.LOCAL\.m2\repository\org\hamcrest\hamcrest\2.2\hamcrest-2.2.jar;C:\Users\leonardo.LOCAL\.m2\repository\org\junit\jupiter\junit-jupiter\5.8.2\junit-jupiter-5.8.2.jar;C:\Users\leonardo.LOCAL\.m2\repository\org\junit\jupiter\junit-jupiter-api\5.8.2\junit-jupiter-api-5.8.2.jar;C:\Users\leonardo.LOCAL\.m2\repository\org\opentest4j\opentest4j\1.2.0\opentest4j-1.2.0.jar;C:\Users\leonardo.LOCAL\.m2\repository\org\junit\platform\junit-platform-commons\1.8.2\junit-platform-commons-1.8.2.jar;C:\Users\leonardo.LOCAL\.m2\repository\org\apiguardian\apiguardian-api\1.1.2\apiguardian-api-1.1.2.jar;C:\Users\leonardo.LOCAL\.m2\repository\org\junit\jupiter\junit-jupiter-params\5.8.2\junit-jupiter-params-5.8.2.jar;C:\Users\leonardo.LOCAL\.m2\repository\org\junit\jupiter\junit-jupiter-engine\5.8.2\junit-jupiter-engine-5.8.2.jar;C:\Users\leonardo.LOCAL\.m2\repository\org\junit\platform\junit-platform-engine\1.8.2\junit-platform-engine-1.8.2.jar;C:\Users\leonardo.LOCAL\.m2\repository\org\mockito\mockito-core\4.5.1\mockito-core-4.5.1.jar;C:\Users\leonardo.LOCAL\.m2\repository\net\bytebuddy\byte-buddy-agent\1.12.23\byte-buddy-agent-1.12.23.jar;C:\Users\leonardo.LOCAL\.m2\repository\org\objenesis\objenesis\3.2\objenesis-3.2.jar;C:\Users\leonardo.LOCAL\.m2\repository\org\mockito\mockito-junit-jupiter\4.5.1\mockito-junit-jupiter-4.5.1.jar;C:\Users\leonardo.LOCAL\.m2\repository\org\skyscreamer\jsonassert\1.5.1\jsonassert-1.5.1.jar;C:\Users\leonardo.LOCAL\.m2\repository\com\vaadin\external\google\android-json\0.0.20131108.vaadin1\android-json-0.0.20131108.vaadin1.jar;C:\Users\leonardo.LOCAL\.m2\repository\org\springframework\spring-core\5.3.27\spring-core-5.3.27.jar;C:\Users\leonardo.LOCAL\.m2\repository\org\springframework\spring-jcl\5.3.27\spring-jcl-5.3.27.jar;C:\Users\leonardo.LOCAL\.m2\repository\org\springframework\spring-test\5.3.27\spring-test-5.3.27.jar;C:\Users\leonardo.LOCAL\.m2\repository\org\xmlunit\xmlunit-core\2.9.1\xmlunit-core-2.9.1.jar;C:\Users\leonardo.LOCAL\.m2\repository\org\springframework\restdocs\spring-restdocs-mockmvc\2.0.7.RELEASE\spring-restdocs-mockmvc-2.0.7.RELEASE.jar;C:\Users\leonardo.LOCAL\.m2\repository\org\springframework\restdocs\spring-restdocs-core\2.0.7.RELEASE\spring-restdocs-core-2.0.7.RELEASE.jar;C:\Users\leonardo.LOCAL\.m2\repository\javax\servlet\javax.servlet-api\4.0.1\javax.servlet-api-4.0.1.jar;"/>
    <property name="sun.cpu.endian" value="little"/>
    <property name="user.home" value="C:\Users\leonardo.LOCAL"/>
    <property name="user.language" value="pt"/>
    <property name="java.specification.vendor" value="Oracle Corporation"/>
    <property name="java.version.date" value="2020-11-04"/>
    <property name="java.home" value="C:\Program Files\AdoptOpenJDK\jdk-11.0.9.101-hotspot"/>
    <property name="file.separator" value="\"/>
    <property name="basedir" value="C:\Users\leonardo.LOCAL\Desktop\workspace\micro course\sfg-beer-service"/>
    <property name="java.vm.compressedOopsMode" value="32-bit"/>
    <property name="line.separator" value="&#10;"/>
    <property name="java.specification.name" value="Java Platform API Specification"/>
    <property name="java.vm.specification.vendor" value="Oracle Corporation"/>
    <property name="java.awt.graphicsenv" value="sun.awt.Win32GraphicsEnvironment"/>
    <property name="surefire.real.class.path" value="C:\Users\LEONAR~1.LOC\AppData\Local\Temp\surefire9698181034898682292\surefirebooter5701602625074329899.jar"/>
    <property name="user.script" value=""/>
    <property name="sun.management.compiler" value="HotSpot 64-Bit Tiered Compilers"/>
    <property name="java.runtime.version" value="11.0.9.1+1"/>
    <property name="user.name" value="leonardo"/>
    <property name="path.separator" value=";"/>
    <property name="os.version" value="6.1"/>
    <property name="java.runtime.name" value="OpenJDK Runtime Environment"/>
    <property name="file.encoding" value="Cp1252"/>
    <property name="java.vm.name" value="OpenJDK 64-Bit Server VM"/>
    <property name="java.vendor.version" value="AdoptOpenJDK"/>
    <property name="localRepository" value="C:\Users\leonardo.LOCAL\.m2\repository"/>
    <property name="java.vendor.url.bug" value="https://github.com/AdoptOpenJDK/openjdk-support/issues"/>
    <property name="java.io.tmpdir" value="C:\Users\LEONAR~1.LOC\AppData\Local\Temp\"/>
    <property name="idea.version" value="2022.3.3"/>
    <property name="java.version" value="11.0.9.1"/>
    <property name="user.dir" value="C:\Users\leonardo.LOCAL\Desktop\workspace\micro course\sfg-beer-service"/>
    <property name="os.arch" value="amd64"/>
    <property name="java.vm.specification.name" value="Java Virtual Machine Specification"/>
    <property name="java.awt.printerjob" value="sun.awt.windows.WPrinterJob"/>
    <property name="user.language.format" value="en"/>
    <property name="sun.os.patch.level" value="Service Pack 1"/>
    <property name="java.library.path" value="C:\Program Files\AdoptOpenJDK\jdk-11.0.9.101-hotspot\bin;C:\Windows\Sun\Java\bin;C:\Windows\system32;C:\Windows;C:\Program Files\AdoptOpenJDK\jdk-11.0.9.101-hotspot\bin;C:\Program Files (x86)\Common Files\Oracle\Java\javapath;C:\ProgramData\Oracle\Java\javapath;C:\Windows\system32;C:\Windows;C:\Windows\System32\Wbem;C:\Windows\System32\WindowsPowerShell\v1.0\;C:\OpenSSL-Win32\bin;C:\Program Files\AdoptOpenJDK\jdk-11.0.9.101-hotspot\bin;C:\PROGRA~2\PICC;C:\Python27;C:\SGM\jboss-as-7.1.1.Final\bin;C:\Program Files\TortoiseSVN\bin;C:\Program Files\nodejs\;C:\Program Files\Microsoft VS Code\bin;C:\Program Files (x86)\Microsoft SQL Server\90\Tools\binn\;C:\Users\leonardo.LOCAL\AppData\Local\Android\Sdk\platform-tools;C:\Program Files\CMake\bin;C:\Program Files\Ninja;C:\msys32\home\leonardo\esp\ESP8266_RTOS_SDK\components\partition_table;D:\Projetos\Modulos\Wifi\ESP8266\Softwares\esptool-master;C:\Program Files (x86)\Microchip\MPLAB C32 Suite\bin;C:\Program Files\PuTTY\;C:\Users\leonardo.LOCAL\Documents\Flutter\flutter_windows_2.10.4-stable\flutter\bin;C:\Program Files\MySQL\MySQL Server 8.0\bin;C:\Program Files\dotnet\;C:\Users\leonardo.LOCAL\Desktop\velharia\placa\apache-maven-3.9.1\bin; C:\Program Files (x86)\Nmap;C:\Program Files\Git\cmd;C:\Users\leonardo.LOCAL\AppData\Local\Programs\Python\Python38-32\Scripts\;C:\Users\leonardo.LOCAL\AppData\Local\Programs\Python\Python38-32\;C:\Users\leonardo.LOCAL\AppData\Roaming\npm;C:\Program Files\heroku\bin;C:\Users\leonardo.LOCAL\AppData\Local\Programs\Microsoft VS Code\bin;C:\Users\leonardo.LOCAL\.dotnet\tools;C:\Program Files (x86)\Nmap;."/>
    <property name="java.vm.info" value="mixed mode"/>
    <property name="java.vendor" value="AdoptOpenJDK"/>
    <property name="java.vm.version" value="11.0.9.1+1"/>
    <property name="sun.io.unicode.encoding" value="UnicodeLittle"/>
    <property name="java.class.version" value="55.0"/>
  </properties>
  <testcase name="updateBeerById" classname="com.carlosjr.sfgbeerservice.web.controller.BeerControllerTest" time="0.362">
    <failure message="Status expected:&lt;204&gt; but was:&lt;404&gt;" type="java.lang.AssertionError"><![CDATA[java.lang.AssertionError: Status expected:<204> but was:<404>
	at com.carlosjr.sfgbeerservice.web.controller.BeerControllerTest.updateBeerById(BeerControllerTest.java:100)
]]></failure>
    <system-out><![CDATA[2023-06-22 11:12:57.635  INFO 260 --- [           main] .b.t.a.w.s.WebMvcTestContextBootstrapper : Neither @ContextConfiguration nor @ContextHierarchy found for test class [com.carlosjr.sfgbeerservice.web.controller.BeerControllerTest], using SpringBootContextLoader
2023-06-22 11:12:57.638  INFO 260 --- [           main] o.s.t.c.support.AbstractContextLoader    : Could not detect default resource locations for test class [com.carlosjr.sfgbeerservice.web.controller.BeerControllerTest]: no resource found for suffixes {-context.xml, Context.groovy}.
2023-06-22 11:12:57.638  INFO 260 --- [           main] t.c.s.AnnotationConfigContextLoaderUtils : Could not detect default configuration classes for test class [com.carlosjr.sfgbeerservice.web.controller.BeerControllerTest]: BeerControllerTest does not declare any static, non-private, non-final, nested classes annotated with @Configuration.
2023-06-22 11:12:57.707  INFO 260 --- [           main] .b.t.c.SpringBootTestContextBootstrapper : Found @SpringBootConfiguration com.carlosjr.sfgbeerservice.SfgBeerServiceApplication for test class com.carlosjr.sfgbeerservice.web.controller.BeerControllerTest
2023-06-22 11:12:57.710  INFO 260 --- [           main] .b.t.a.w.s.WebMvcTestContextBootstrapper : Loaded default TestExecutionListener class names from location [META-INF/spring.factories]: [org.springframework.boot.test.mock.mockito.MockitoTestExecutionListener, org.springframework.boot.test.mock.mockito.ResetMocksTestExecutionListener, org.springframework.boot.test.autoconfigure.restdocs.RestDocsTestExecutionListener, org.springframework.boot.test.autoconfigure.web.client.MockRestServiceServerResetTestExecutionListener, org.springframework.boot.test.autoconfigure.web.servlet.MockMvcPrintOnlyOnFailureTestExecutionListener, org.springframework.boot.test.autoconfigure.web.servlet.WebDriverTestExecutionListener, org.springframework.boot.test.autoconfigure.webservices.client.MockWebServiceServerTestExecutionListener, org.springframework.test.context.web.ServletTestExecutionListener, org.springframework.test.context.support.DirtiesContextBeforeModesTestExecutionListener, org.springframework.test.context.event.ApplicationEventsTestExecutionListener, org.springframework.test.context.support.DependencyInjectionTestExecutionListener, org.springframework.test.context.support.DirtiesContextTestExecutionListener, org.springframework.test.context.transaction.TransactionalTestExecutionListener, org.springframework.test.context.jdbc.SqlScriptsTestExecutionListener, org.springframework.test.context.event.EventPublishingTestExecutionListener]
2023-06-22 11:12:57.722  INFO 260 --- [           main] .b.t.a.w.s.WebMvcTestContextBootstrapper : Using TestExecutionListeners: [org.springframework.test.context.web.ServletTestExecutionListener@1e487d57, org.springframework.test.context.support.DirtiesContextBeforeModesTestExecutionListener@4b2af0eb, org.springframework.test.context.event.ApplicationEventsTestExecutionListener@66c32e15, org.springframework.boot.test.mock.mockito.MockitoTestExecutionListener@6d387e9b, org.springframework.boot.test.autoconfigure.SpringBootDependencyInjectionTestExecutionListener@304704ae, org.springframework.test.context.support.DirtiesContextTestExecutionListener@2c7607e5, org.springframework.test.context.transaction.TransactionalTestExecutionListener@533a27f8, org.springframework.test.context.jdbc.SqlScriptsTestExecutionListener@7dd847a2, org.springframework.test.context.event.EventPublishingTestExecutionListener@75b25ec3, org.springframework.boot.test.mock.mockito.ResetMocksTestExecutionListener@69e736bf, org.springframework.boot.test.autoconfigure.restdocs.RestDocsTestExecutionListener@6b60d99c, org.springframework.boot.test.autoconfigure.web.client.MockRestServiceServerResetTestExecutionListener@543a7605, org.springframework.boot.test.autoconfigure.web.servlet.MockMvcPrintOnlyOnFailureTestExecutionListener@33997e07, org.springframework.boot.test.autoconfigure.web.servlet.WebDriverTestExecutionListener@639bf405, org.springframework.boot.test.autoconfigure.webservices.client.MockWebServiceServerTestExecutionListener@eda7dd3]

  .   ____          _            __ _ _
 /\\ / ___'_ __ _ _(_)_ __  __ _ \ \ \ \
( ( )\___ | '_ | '_| | '_ \/ _` | \ \ \ \
 \\/  ___)| |_)| | | | | || (_| |  ) ) ) )
  '  |____| .__|_| |_|_| |_\__, | / / / /
 =========|_|==============|___/=/_/_/_/
 :: Spring Boot ::               (v2.7.12)

2023-06-22 11:12:57.802  INFO 260 --- [           main] c.c.s.web.controller.BeerControllerTest  : Starting BeerControllerTest using Java 11.0.9.1 on pcdes02 with PID 260 (started by leonardo in C:\Users\leonardo.LOCAL\Desktop\workspace\micro course\sfg-beer-service)
2023-06-22 11:12:57.803  INFO 260 --- [           main] c.c.s.web.controller.BeerControllerTest  : No active profile set, falling back to 1 default profile: "default"
2023-06-22 11:12:58.917  INFO 260 --- [           main] o.s.b.t.m.w.SpringBootMockServletContext : Initializing Spring TestDispatcherServlet ''
2023-06-22 11:12:58.917  INFO 260 --- [           main] o.s.t.web.servlet.TestDispatcherServlet  : Initializing Servlet ''
2023-06-22 11:12:58.918  INFO 260 --- [           main] o.s.t.web.servlet.TestDispatcherServlet  : Completed initialization in 1 ms
2023-06-22 11:12:58.942  INFO 260 --- [           main] c.c.s.web.controller.BeerControllerTest  : Started BeerControllerTest in 1.214 seconds (JVM running for 13.167)

MockHttpServletRequest:
      HTTP Method = PUT
      Request URI = /api/v1/beer-new0cad473b-5e77-49d3-8181-e0166ce598df
       Parameters = {}
          Headers = [Content-Type:"application/json;charset=UTF-8", Content-Length:"163"]
             Body = {"id":null,"version":null,"createdDate":null,"lastModifiedDate":null,"beerName":"Nice Ale","beerStyle":"ALE","upc":123123123123,"price":9.99,"quantityOnHand":null}
    Session Attrs = {}

Handler:
             Type = org.springframework.web.servlet.resource.ResourceHttpRequestHandler

Async:
    Async started = false
     Async result = null

Resolved Exception:
             Type = null

ModelAndView:
        View name = null
             View = null
            Model = null

FlashMap:
       Attributes = null

MockHttpServletResponse:
           Status = 404
    Error message = null
          Headers = [Vary:"Origin", "Access-Control-Request-Method", "Access-Control-Request-Headers"]
     Content type = null
             Body = 
    Forwarded URL = null
   Redirected URL = null
          Cookies = []
]]></system-out>
  </testcase>
  <testcase name="saveNewBeer" classname="com.carlosjr.sfgbeerservice.web.controller.BeerControllerTest" time="0.305">
    <error message="Request processing failed; nested exception is java.lang.NullPointerException" type="org.springframework.web.util.NestedServletException">org.springframework.web.util.NestedServletException: Request processing failed; nested exception is java.lang.NullPointerException
	at com.carlosjr.sfgbeerservice.web.controller.BeerControllerTest.saveNewBeer(BeerControllerTest.java:74)
Caused by: java.lang.NullPointerException
	at com.carlosjr.sfgbeerservice.web.controller.BeerControllerTest.saveNewBeer(BeerControllerTest.java:74)
</error>
  </testcase>
  <testcase name="getBeerById" classname="com.carlosjr.sfgbeerservice.web.controller.BeerControllerTest" time="0.23"/>
</testsuite>